The system is: Windows - 10.0.19042 - AMD64
Compiling the C compiler identification source file "CMakeCCompilerId.c" succeeded.
Compiler: C:/Program Files (x86)/Microsoft Visual Studio/2019/Community/VC/Tools/MSVC/14.29.30133/bin/Hostx64/x64/cl.exe 
Build flags: 
Id flags:  

The output was:
0
Microsoft (R) C/C++ Optimizing Compiler Version 19.29.30133 for x64
Copyright (C) Microsoft Corporation.  All rights reserved.

CMakeCCompilerId.c
Microsoft (R) Incremental Linker Version 14.29.30133.0
Copyright (C) Microsoft Corporation.  All rights reserved.

/out:CMakeCCompilerId.exe 
CMakeCCompilerId.obj 


Compilation of the C compiler identification source "CMakeCCompilerId.c" produced "CMakeCCompilerId.exe"

Compilation of the C compiler identification source "CMakeCCompilerId.c" produced "CMakeCCompilerId.obj"

The C compiler identification is MSVC, found in "C:/Users/seanh/Documents/Senior Project/Source/Project/libgd/out/build/x64-Debug/CMakeFiles/3.20.21032501-MSVC_2/CompilerIdC/CMakeCCompilerId.exe"

Compiling the CXX compiler identification source file "CMakeCXXCompilerId.cpp" succeeded.
Compiler: C:/Program Files (x86)/Microsoft Visual Studio/2019/Community/VC/Tools/MSVC/14.29.30133/bin/Hostx64/x64/cl.exe 
Build flags: 
Id flags:  

The output was:
0
Microsoft (R) C/C++ Optimizing Compiler Version 19.29.30133 for x64
Copyright (C) Microsoft Corporation.  All rights reserved.

CMakeCXXCompilerId.cpp
Microsoft (R) Incremental Linker Version 14.29.30133.0
Copyright (C) Microsoft Corporation.  All rights reserved.

/out:CMakeCXXCompilerId.exe 
CMakeCXXCompilerId.obj 


Compilation of the CXX compiler identification source "CMakeCXXCompilerId.cpp" produced "CMakeCXXCompilerId.exe"

Compilation of the CXX compiler identification source "CMakeCXXCompilerId.cpp" produced "CMakeCXXCompilerId.obj"

The CXX compiler identification is MSVC, found in "C:/Users/seanh/Documents/Senior Project/Source/Project/libgd/out/build/x64-Debug/CMakeFiles/3.20.21032501-MSVC_2/CompilerIdCXX/CMakeCXXCompilerId.exe"

Detecting C compiler ABI info compiled with the following output:
Change Dir: C:/Users/seanh/Documents/Senior Project/Source/Project/libgd/out/build/x64-Debug/CMakeFiles/CMakeTmp

Run Build Command(s):C:/Program Files (x86)/Microsoft Visual Studio/2019/Community/Common7/IDE/CommonExtensions/Microsoft/CMake/Ninja/ninja.exe cmTC_169c9 && [1/2] Building C object CMakeFiles\cmTC_169c9.dir\CMakeCCompilerABI.c.obj
[2/2] Linking C executable cmTC_169c9.exe



Detecting CXX compiler ABI info compiled with the following output:
Change Dir: C:/Users/seanh/Documents/Senior Project/Source/Project/libgd/out/build/x64-Debug/CMakeFiles/CMakeTmp

Run Build Command(s):C:/Program Files (x86)/Microsoft Visual Studio/2019/Community/Common7/IDE/CommonExtensions/Microsoft/CMake/Ninja/ninja.exe cmTC_be6be && [1/2] Building CXX object CMakeFiles\cmTC_be6be.dir\CMakeCXXCompilerABI.cpp.obj
[2/2] Linking CXX executable cmTC_be6be.exe



Determining if files inttypes.h exist passed with the following output:
Change Dir: C:/Users/seanh/Documents/Senior Project/Source/Project/libgd/out/build/x64-Debug/CMakeFiles/CMakeTmp

Run Build Command(s):C:/Program Files (x86)/Microsoft Visual Studio/2019/Community/Common7/IDE/CommonExtensions/Microsoft/CMake/Ninja/ninja.exe cmTC_02e57 && [1/2] Building C object CMakeFiles\cmTC_02e57.dir\HAVE_INTTYPES_H.c.obj
[2/2] Linking C executable cmTC_02e57.exe



Determining if files stdint.h exist passed with the following output:
Change Dir: C:/Users/seanh/Documents/Senior Project/Source/Project/libgd/out/build/x64-Debug/CMakeFiles/CMakeTmp

Run Build Command(s):C:/Program Files (x86)/Microsoft Visual Studio/2019/Community/Common7/IDE/CommonExtensions/Microsoft/CMake/Ninja/ninja.exe cmTC_262d6 && [1/2] Building C object CMakeFiles\cmTC_262d6.dir\HAVE_STDINT_H.c.obj
[2/2] Linking C executable cmTC_262d6.exe



Determining if files sys/stat.h exist passed with the following output:
Change Dir: C:/Users/seanh/Documents/Senior Project/Source/Project/libgd/out/build/x64-Debug/CMakeFiles/CMakeTmp

Run Build Command(s):C:/Program Files (x86)/Microsoft Visual Studio/2019/Community/Common7/IDE/CommonExtensions/Microsoft/CMake/Ninja/ninja.exe cmTC_f4f70 && [1/2] Building C object CMakeFiles\cmTC_f4f70.dir\HAVE_SYS_STAT_H.c.obj
[2/2] Linking C executable cmTC_f4f70.exe



Determining if files sys/types.h exist passed with the following output:
Change Dir: C:/Users/seanh/Documents/Senior Project/Source/Project/libgd/out/build/x64-Debug/CMakeFiles/CMakeTmp

Run Build Command(s):C:/Program Files (x86)/Microsoft Visual Studio/2019/Community/Common7/IDE/CommonExtensions/Microsoft/CMake/Ninja/ninja.exe cmTC_329a0 && [1/2] Building C object CMakeFiles\cmTC_329a0.dir\HAVE_SYS_TYPES_H.c.obj
[2/2] Linking C executable cmTC_329a0.exe



