Determining if files dirent.h exist failed with the following output:
Change Dir: C:/Users/seanh/Documents/Senior Project/Source/Project/libgd/out/build/x64-Debug/CMakeFiles/CMakeTmp

Run Build Command(s):C:/Program Files (x86)/Microsoft Visual Studio/2019/Community/Common7/IDE/CommonExtensions/Microsoft/CMake/Ninja/ninja.exe cmTC_e4ffb && [1/2] Building C object CMakeFiles\cmTC_e4ffb.dir\HAVE_DIRENT_H.c.obj
FAILED: CMakeFiles/cmTC_e4ffb.dir/HAVE_DIRENT_H.c.obj 
C:\PROGRA~2\MICROS~2\2019\COMMUN~1\VC\Tools\MSVC\1429~1.301\bin\Hostx64\x64\cl.exe  /nologo   /DWIN32 /D_WINDOWS /W3  /MDd /Zi /Ob0 /Od /RTC1 /showIncludes /FoCMakeFiles\cmTC_e4ffb.dir\HAVE_DIRENT_H.c.obj /FdCMakeFiles\cmTC_e4ffb.dir\ /FS -c "C:\Users\seanh\Documents\Senior Project\Source\Project\libgd\out\build\x64-Debug\CMakeFiles\CheckIncludeFiles\HAVE_DIRENT_H.c"
C:\Users\seanh\Documents\Senior Project\Source\Project\libgd\out\build\x64-Debug\CMakeFiles\CheckIncludeFiles\HAVE_DIRENT_H.c(2): fatal error C1083: Cannot open include file: 'dirent.h': No such file or directory
ninja: build stopped: subcommand failed.


Source:
/* */
#include <dirent.h>


int main(void){return 0;}

Determining if files strings.h exist failed with the following output:
Change Dir: C:/Users/seanh/Documents/Senior Project/Source/Project/libgd/out/build/x64-Debug/CMakeFiles/CMakeTmp

Run Build Command(s):C:/Program Files (x86)/Microsoft Visual Studio/2019/Community/Common7/IDE/CommonExtensions/Microsoft/CMake/Ninja/ninja.exe cmTC_18a7b && [1/2] Building C object CMakeFiles\cmTC_18a7b.dir\HAVE_STRINGS_H.c.obj
FAILED: CMakeFiles/cmTC_18a7b.dir/HAVE_STRINGS_H.c.obj 
C:\PROGRA~2\MICROS~2\2019\COMMUN~1\VC\Tools\MSVC\1429~1.301\bin\Hostx64\x64\cl.exe  /nologo   /DWIN32 /D_WINDOWS /W3  /MDd /Zi /Ob0 /Od /RTC1 /showIncludes /FoCMakeFiles\cmTC_18a7b.dir\HAVE_STRINGS_H.c.obj /FdCMakeFiles\cmTC_18a7b.dir\ /FS -c "C:\Users\seanh\Documents\Senior Project\Source\Project\libgd\out\build\x64-Debug\CMakeFiles\CheckIncludeFiles\HAVE_STRINGS_H.c"
C:\Users\seanh\Documents\Senior Project\Source\Project\libgd\out\build\x64-Debug\CMakeFiles\CheckIncludeFiles\HAVE_STRINGS_H.c(2): fatal error C1083: Cannot open include file: 'strings.h': No such file or directory
ninja: build stopped: subcommand failed.


Source:
/* */
#include <strings.h>


int main(void){return 0;}

Determining if files unistd.h exist failed with the following output:
Change Dir: C:/Users/seanh/Documents/Senior Project/Source/Project/libgd/out/build/x64-Debug/CMakeFiles/CMakeTmp

Run Build Command(s):C:/Program Files (x86)/Microsoft Visual Studio/2019/Community/Common7/IDE/CommonExtensions/Microsoft/CMake/Ninja/ninja.exe cmTC_0adf0 && [1/2] Building C object CMakeFiles\cmTC_0adf0.dir\HAVE_UNISTD_H.c.obj
FAILED: CMakeFiles/cmTC_0adf0.dir/HAVE_UNISTD_H.c.obj 
C:\PROGRA~2\MICROS~2\2019\COMMUN~1\VC\Tools\MSVC\1429~1.301\bin\Hostx64\x64\cl.exe  /nologo   /DWIN32 /D_WINDOWS /W3  /MDd /Zi /Ob0 /Od /RTC1 /showIncludes /FoCMakeFiles\cmTC_0adf0.dir\HAVE_UNISTD_H.c.obj /FdCMakeFiles\cmTC_0adf0.dir\ /FS -c "C:\Users\seanh\Documents\Senior Project\Source\Project\libgd\out\build\x64-Debug\CMakeFiles\CheckIncludeFiles\HAVE_UNISTD_H.c"
C:\Users\seanh\Documents\Senior Project\Source\Project\libgd\out\build\x64-Debug\CMakeFiles\CheckIncludeFiles\HAVE_UNISTD_H.c(2): fatal error C1083: Cannot open include file: 'unistd.h': No such file or directory
ninja: build stopped: subcommand failed.


Source:
/* */
#include <unistd.h>


int main(void){return 0;}

